<?xml version="1.0" encoding="UTF-8"?>
<!-- Generated by org.testng.reporters.JUnitReportReporter -->
<testsuite hostname="DESKTOP-APCA3AA" failures="0" tests="2" name="com.qa.freecrm.tests.LogPageTest" time="9.874" errors="0" timestamp="20 May 2021 13:46:34 GMT" skipped="0">
  <testcase classname="com.qa.freecrm.tests.LogPageTest" name="veryPageTileTest" time="3.017"/>
  <testcase classname="com.qa.freecrm.tests.LogPageTest" name="veryLoginTest" time="6.857"/>
</testsuite> <!-- com.qa.freecrm.tests.LogPageTest -->
