<?xml version="1.0" encoding="UTF-8"?>
<!-- Generated by org.testng.reporters.JUnitReportReporter -->
<testsuite hostname="DESKTOP-APCA3AA" failures="0" tests="4" name="com.qa.freecrm.tests.HomePageTest" time="68.619" errors="0" timestamp="22 May 2021 14:44:27 GMT" skipped="0">
  <testcase classname="com.qa.freecrm.tests.HomePageTest" name="veryClickcontactsTest" time="13.116"/>
  <testcase classname="com.qa.freecrm.tests.HomePageTest" name="veryClickDealsTest" time="32.988"/>
  <testcase classname="com.qa.freecrm.tests.HomePageTest" name="veryLogTest" time="11.370"/>
  <testcase classname="com.qa.freecrm.tests.HomePageTest" name="veryClickTasksTest" time="11.145"/>
</testsuite> <!-- com.qa.freecrm.tests.HomePageTest -->
