<?xml version="1.0" encoding="UTF-8"?>
<!-- Generated by org.testng.reporters.JUnitReportReporter -->
<testsuite hostname="DESKTOP-APCA3AA" failures="0" tests="2" name="com.qa.freecrm.tests.LogPageTest" time="24.172" errors="0" timestamp="22 May 2021 14:44:27 GMT" skipped="0">
  <testcase classname="com.qa.freecrm.tests.LogPageTest" name="veryPageTileTest" time="11.923"/>
  <testcase classname="com.qa.freecrm.tests.LogPageTest" name="veryLoginTest" time="12.249"/>
</testsuite> <!-- com.qa.freecrm.tests.LogPageTest -->
