<?xml version="1.0" encoding="UTF-8"?>
<!-- Generated by org.testng.reporters.JUnitReportReporter -->
<testsuite hostname="DESKTOP-APCA3AA" failures="0" tests="4" name="com.qa.freecrm.tests.HomePageTest" time="23.173" errors="0" timestamp="20 May 2021 13:46:34 GMT" skipped="0">
  <testcase classname="com.qa.freecrm.tests.HomePageTest" name="veryClickTasksTest" time="5.636"/>
  <testcase classname="com.qa.freecrm.tests.HomePageTest" name="veryLogTest" time="5.779"/>
  <testcase classname="com.qa.freecrm.tests.HomePageTest" name="veryClickcontactsTest" time="5.952"/>
  <testcase classname="com.qa.freecrm.tests.HomePageTest" name="veryClickDealsTest" time="5.806"/>
</testsuite> <!-- com.qa.freecrm.tests.HomePageTest -->
