<?xml version="1.0" encoding="UTF-8"?>
<!-- Generated by org.testng.reporters.JUnitReportReporter -->
<testsuite hostname="DESKTOP-APCA3AA" failures="0" tests="3" name="com.qa.freecrm.tests.LoginPageTest" time="23.621" errors="0" timestamp="19 May 2021 11:50:53 GMT" skipped="0">
  <testcase classname="com.qa.freecrm.tests.LoginPageTest" name="verifypagetiletest" time="6.815"/>
  <testcase classname="com.qa.freecrm.tests.LoginPageTest" name="verifyLogTest" time="5.503"/>
  <testcase classname="com.qa.freecrm.tests.LoginPageTest" name="verfyLoginPageTest" time="11.303"/>
</testsuite> <!-- com.qa.freecrm.tests.LoginPageTest -->
