<?xml version="1.0" encoding="UTF-8"?>
<!-- Generated by org.testng.reporters.JUnitReportReporter -->
<testsuite skipped="0" hostname="DESKTOP-APCA3AA" name="com.qa.freecrm.tests.LogPageTest" tests="2" failures="0" timestamp="20 May 2021 11:44:19 GMT" time="6.172" errors="0">
  <testcase name="veryLoginTest" time="3.702" classname="com.qa.freecrm.tests.LogPageTest"/>
  <testcase name="veryPageTileTest" time="2.470" classname="com.qa.freecrm.tests.LogPageTest"/>
</testsuite> <!-- com.qa.freecrm.tests.LogPageTest -->
