<?xml version="1.0" encoding="UTF-8"?>
<!-- Generated by org.testng.reporters.JUnitReportReporter -->
<testsuite skipped="0" hostname="DESKTOP-APCA3AA" name="com.qa.freecrm.tests.ContactsPageTest" tests="3" failures="0" timestamp="20 May 2021 11:44:19 GMT" time="156.688" errors="0">
  <testcase name="addContactsTest" time="51.064" classname="com.qa.freecrm.tests.ContactsPageTest"/>
  <testcase name="addContactsTest" time="52.379" classname="com.qa.freecrm.tests.ContactsPageTest"/>
  <testcase name="addContactsTest" time="53.245" classname="com.qa.freecrm.tests.ContactsPageTest"/>
</testsuite> <!-- com.qa.freecrm.tests.ContactsPageTest -->
