<?xml version="1.0" encoding="UTF-8"?>
<!-- Generated by org.testng.reporters.JUnitReportReporter -->
<testsuite skipped="0" hostname="DESKTOP-APCA3AA" name="com.qa.freecrm.tests.HomePageTest" tests="4" failures="0" timestamp="20 May 2021 11:44:19 GMT" time="23.992" errors="0">
  <testcase name="veryClickcontactsTest" time="6.446" classname="com.qa.freecrm.tests.HomePageTest"/>
  <testcase name="veryClickTasksTest" time="7.010" classname="com.qa.freecrm.tests.HomePageTest"/>
  <testcase name="veryLogTest" time="5.109" classname="com.qa.freecrm.tests.HomePageTest"/>
  <testcase name="veryClickDealsTest" time="5.427" classname="com.qa.freecrm.tests.HomePageTest"/>
</testsuite> <!-- com.qa.freecrm.tests.HomePageTest -->
